<?xml version="1.0" encoding="UTF-8"?>
<!-- Generated by org.testng.reporters.JUnitReportReporter -->
<testsuite hostname="Sainath" failures="0" tests="1" name="seleniummavenjenkins.GoogleTest" time="7.233" errors="0" timestamp="2024-11-07T12:33:09 IST" skipped="0">
  <testcase classname="seleniummavenjenkins.GoogleTest" name="validateTitle" time="7.233"/>
</testsuite> <!-- seleniummavenjenkins.GoogleTest -->
