<?xml version="1.0" encoding="UTF-8"?>
<!-- Generated by org.testng.reporters.JUnitReportReporter -->
<testsuite hostname="Sainath" failures="0" tests="1" name="seleniummavenjenkins.GoogleTest" time="5.089" errors="0" timestamp="2024-11-07T12:53:53 IST" skipped="0">
  <testcase classname="seleniummavenjenkins.GoogleTest" name="validateTitle" time="5.089"/>
</testsuite> <!-- seleniummavenjenkins.GoogleTest -->
